[Licensing::Module] Trying to connect to existing licensing client channel...
Built from '6000.3/staging' branch; Version is '6000.3.8f1 (1c7db571dde0) revision 1867189'; Using compiler version '194234433'; Build Type 'Release'
[Licensing::IpcConnector] Successfully connected to: "LicenseClient-davidrol" at "2026-02-25T16:11:16.3302653Z"
OS: 'Windows 11  (10.0.26200) Professional' Language: 'en' Physical Memory: 31886 MB
BatchMode: 1, IsHumanControllingUs: 0, StartBugReporterOnCrash: 0, Is64bit: 1
System  architecture: x64
Process architecture: x64
Date: 2026-02-25T16:11:16Z

COMMAND LINE ARGUMENTS:
C:\Program Files\Unity\Hub\Editor\6000.3.8f1\Editor\Unity.exe
-adb2
-batchMode
-noUpm
-name
AssetImportWorker6
-projectPath
C:/Users/davidrol/Unity-Projects/VR-Volterra
-logFile
Logs/AssetImportWorker6.log
-srvPort
63408
-licensingIpc
LicenseClient-davidrol
-job-worker-count
15
-background-job-worker-count
8
-gc-helper-count
1
-name
AssetImport
Successfully changed project path to: C:/Users/davidrol/Unity-Projects/VR-Volterra
C:/Users/davidrol/Unity-Projects/VR-Volterra
[UnityMemory] Configuration Parameters - Can be set up in boot.config
    "memorysetup-temp-allocator-size-nav-mesh-worker=65536"
    "memorysetup-temp-allocator-size-audio-worker=65536"
    "memorysetup-temp-allocator-size-gfx=262144"
    "memorysetup-allocator-temp-initial-block-size-main=262144"
    "memorysetup-allocator-temp-initial-block-size-worker=262144"
    "memorysetup-temp-allocator-size-background-worker=32768"
    "memorysetup-temp-allocator-size-job-worker=262144"
    "memorysetup-temp-allocator-size-preload-manager=33554432"
    "memorysetup-temp-allocator-size-gi-baking-worker=262144"
    "memorysetup-temp-allocator-size-gi-baking-worker=262144"
    "memorysetup-temp-allocator-size-gi-baking-worker=262144"
    "memorysetup-temp-allocator-size-gi-baking-worker=262144"
    "memorysetup-temp-allocator-size-gi-baking-worker=262144"
    "memorysetup-bucket-allocator-granularity=16"
    "memorysetup-bucket-allocator-bucket-count=8"
    "memorysetup-bucket-allocator-block-size=33554432"
    "memorysetup-bucket-allocator-block-count=8"
    "memorysetup-main-allocator-block-size=16777216"
    "memorysetup-thread-allocator-block-size=16777216"
    "memorysetup-gfx-main-allocator-block-size=16777216"
    "memorysetup-gfx-thread-allocator-block-size=16777216"
    "memorysetup-cache-allocator-block-size=4194304"
    "memorysetup-typetree-allocator-block-size=2097152"
    "memorysetup-profiler-bucket-allocator-granularity=16"
    "memorysetup-profiler-bucket-allocator-bucket-count=8"
    "memorysetup-profiler-bucket-allocator-block-size=33554432"
    "memorysetup-profiler-bucket-allocator-block-count=8"
    "memorysetup-profiler-allocator-block-size=16777216"
    "memorysetup-profiler-editor-allocator-block-size=1048576"
    "memorysetup-temp-allocator-size-main=16777216"
    "memorysetup-job-temp-allocator-block-size=2097152"
    "memorysetup-job-temp-allocator-block-size-background=1048576"
    "memorysetup-job-temp-allocator-reduction-small-platforms=262144"
    "memorysetup-temp-allocator-size-cloud-worker=32768"
Player connection [55896]  Target information:

Player connection [55896]  * "[IP] 192.168.1.34 [Port] 0 [Flags] 2 [Guid] 4036781837 [EditorId] 4036781837 [Version] 1048832 [Id] WindowsEditor(7,DESKTOP-SJEBV0R) [Debug] 1 [PackageName] WindowsEditor [ProjectName] Editor" 

Player connection [55896] Host joined multi-casting on [225.0.0.222:54997]...
Player connection [55896] Host joined alternative multi-casting on [225.0.0.222:34997]...
JobSystem: Creating JobQueue using job-worker-count value 15
Input System module state changed to: Initialized.
[Physics::Module] Initialized fallback backend.
[Physics::Module] Id: 0xdecafbad
Library Redirect Path: Library/
[Physics::Module] Selected backend.
[Physics::Module] Name: PhysX
[Physics::Module] Id: 0xf2b8ea05
[Physics::Module] SDK Version: 4.1.2
[Physics::Module] Integration Version: 1.0.0
[Physics::Module] Threading Mode: Multi-Threaded
[Licensing::Client] Handshaking with LicensingClient:
  Version:                 1.17.4+4293ba1
  Session Id:              183361598b8042b8997b82ef50f2693d
  Correlation Id:          bc7297bc72e5b05ede036ee5d607923d
  External correlation Id: 1906706762523928458
  Machine Id:              BmlOz2uT1vY1mqdYKEPCCKI3j3Y=
[Licensing::Module] Successfully connected to LicensingClient on channel: "LicenseClient-davidrol" (connect: 0.00s, validation: 0.01s, handshake: 1.52s)
[Licensing::IpcConnector] Successfully connected to: "LicenseClient-davidrol-notifications" at "2026-02-25T16:11:17.8611123Z"
[Licensing::Module] Licensing Background thread has ended after 1.53s
Refreshing native plugins compatible for Editor in 1169.35 ms, found 27 plugins.
Unity memory allocator detected: MetaXRAudio native memory allocations will be tracked.
Preloading 4 native plugins for Editor in 6.53 ms.
Initialize engine version: 6000.3.8f1 (1c7db571dde0)
[Subsystems] Discovering subsystems at path C:/Program Files/Unity/Hub/Editor/6000.3.8f1/Editor/Data/Resources/UnitySubsystems
[Subsystems] Discovering subsystems at path C:/Users/davidrol/Unity-Projects/VR-Volterra/Assets
GfxDevice: creating device client; kGfxThreadingModeNonThreaded
Direct3D:
    Version:  Direct3D 11.0 [level 11.1]
    Renderer: NVIDIA GeForce RTX 4090 (ID=0x2684)
    Vendor:   NVIDIA
    VRAM:     24142 MB
    Driver:   32.0.15.7688
Shader 'Meta/MRUK/Scene/HighlightsAndShadows': fallback shader 'Off' not found
Shader 'Oculus/OVRMRCameraFrameLit': fallback shader 'Alpha-Diffuse' not found
Initialize mono
Mono path[0] = 'C:/Program Files/Unity/Hub/Editor/6000.3.8f1/Editor/Data/Managed'
Mono path[1] = 'C:/Program Files/Unity/Hub/Editor/6000.3.8f1/Editor/Data/MonoBleedingEdge/lib/mono/unityjit-win32'
Mono config path = 'C:/Program Files/Unity/Hub/Editor/6000.3.8f1/Editor/Data/MonoBleedingEdge/etc'
Using monoOptions --debugger-agent=transport=dt_socket,embedding=1,server=y,suspend=n,address=127.0.0.1:56600
Begin MonoManager ReloadAssembly
Registering precompiled unity dll's ...
Register platform support module: C:/Program Files/Unity/Hub/Editor/6000.3.8f1/Editor/Data/PlaybackEngines/WebGLSupport/UnityEditor.WebGL.Extensions.dll
Register platform support module: C:/Program Files/Unity/Hub/Editor/6000.3.8f1/Editor/Data/PlaybackEngines/WindowsStandaloneSupport/UnityEditor.WindowsStandalone.Extensions.dll
[Licensing::Client] Successfully resolved entitlement details
[Licensing::Module] License group:
  Id: 6872676466591-UnityPersXXXX
  Product: Unity Personal
  Type: Assigned
  Expiration: Unlimited
Register platform support module: C:/Program Files/Unity/Hub/Editor/6000.3.8f1/Editor/Data/PlaybackEngines/AndroidPlayer/UnityEditor.Android.Extensions.dll
Registered in 0.009869 seconds.
- Loaded All Assemblies, in  0.643 seconds
Native extension for Android target not found
Android Extension - Scanning For ADB Devices 346 ms
Native extension for WindowsStandalone target not found
Native extension for WebGL target not found
ScheduleIndexationOnStartup MainProcess:False IndexOnStartup:True
Mono: successfully reloaded assembly
- Finished resetting the current domain, in  0.885 seconds
Domain Reload Profiling: 1524ms
	BeginReloadAssembly (326ms)
		ExecutionOrderSort (0ms)
		DisableScriptedObjects (0ms)
		BackupInstance (0ms)
		ReleaseScriptingObjects (0ms)
		CreateAndSetChildDomain (3ms)
	RebuildCommonClasses (40ms)
	RebuildNativeTypeToScriptingClass (10ms)
	initialDomainReloadingComplete (64ms)
	LoadAllAssembliesAndSetupDomain (199ms)
		LoadAssemblies (325ms)
		RebuildTransferFunctionScriptingTraits (0ms)
		AnalyzeDomain (185ms)
			TypeCache.Refresh (183ms)
				TypeCache.ScanAssembly (171ms)
			BuildScriptInfoCaches (0ms)
			ResolveRequiredComponents (1ms)
	FinalizeReload (886ms)
		ReleaseScriptCaches (0ms)
		RebuildScriptCaches (0ms)
		SetupLoadedEditorAssemblies (832ms)
			LogAssemblyErrors (0ms)
			InitializePlatformSupportModulesInManaged (454ms)
			SetLoadedEditorAssemblies (3ms)
			BeforeProcessingInitializeOnLoad (82ms)
			ProcessInitializeOnLoadAttributes (154ms)
			ProcessInitializeOnLoadMethodAttributes (139ms)
			AfterProcessingInitializeOnLoad (0ms)
			EditorAssembliesLoaded (0ms)
		ExecutionOrderSort2 (0ms)
		AwakeInstancesAfterBackupRestoration (0ms)
========================================================================
Worker process is ready to serve import requests
Import Worker Mode flag is 0x00
Begin MonoManager ReloadAssembly
[Licensing::Client] Successfully resolved entitlement details
Symbol file LoadedFromMemory is not a mono symbol file
Asset path could not be found for script compilation file '/Assets/BOKI/LowPolyNature/Scripts/FadeInOut.cs'
Asset path could not be found for script compilation file '/Assets/BOKI/LowPolyNature/Scripts/SimpleCameraController.cs'
Asset path could not be found for script compilation file '/Assets/BOKI/LowPolyNature/Scripts/WaterfallAudio.cs'
Asset path could not be found for script compilation file '/Assets/IntegerInput.cs'
Asset path could not be found for script compilation file '/Assets/Prefabs/Avatars/NetworkCharacterBehaviourSimple.cs'
Asset path could not be found for script compilation file '/Assets/Prefabs/Avatars/NetworkedBodyTracking.cs'
Asset path could not be found for script compilation file '/Assets/Rabbits/Demo/Scripts/AnimatorParamatersChange.cs'
Asset path could not be found for script compilation file '/Assets/Realistic Tree/Demo Scene/Buttonscript.cs'
Asset path could not be found for script compilation file '/Assets/Realistic Tree/Demo Scene/Rotate.cs'
Asset path could not be found for script compilation file '/Assets/Scripts/AutoLobbyRelayConnector.cs'
Asset path could not be found for script compilation file '/Assets/Scripts/AvatarDropdownManager.cs'
Asset path could not be found for script compilation file '/Assets/Scripts/FireBehavior.cs'
Asset path could not be found for script compilation file '/Assets/Scripts/followTerrain.cs'
Asset path could not be found for script compilation file '/Assets/Scripts/KeyboardActivator.cs'
Asset path could not be found for script compilation file '/Assets/Scripts/MonodStatus.cs'
Asset path could not be found for script compilation file '/Assets/Scripts/NetworkedCameraRig.cs'
Asset path could not be found for script compilation file '/Assets/Scripts/removeInvasor.cs'
Asset path could not be found for script compilation file '/Assets/Scripts/test.cs'
Asset path could not be found for script compilation file '/Assets/TerrainDemoScene_URP/Scripts/SceneAnnotation.cs'
Asset path could not be found for script compilation file '/Assets/TerrainDemoScene_URP/Scripts/TerrainTreeToggle.cs'
Asset path could not be found for script compilation file '/Assets/TextMesh Pro/Examples & Extras/Scripts/Benchmark01.cs'
Asset path could not be found for script compilation file '/Assets/TextMesh Pro/Examples & Extras/Scripts/Benchmark01_UGUI.cs'
Asset path could not be found for script compilation file '/Assets/TextMesh Pro/Examples & Extras/Scripts/Benchmark02.cs'
Asset path could not be found for script compilation file '/Assets/TextMesh Pro/Examples & Extras/Scripts/Benchmark03.cs'
Asset path could not be found for script compilation file '/Assets/TextMesh Pro/Examples & Extras/Scripts/Benchmark04.cs'
Asset path could not be found for script compilation file '/Assets/TextMesh Pro/Examples & Extras/Scripts/CameraController.cs'
Asset path could not be found for script compilation file '/Assets/TextMesh Pro/Examples & Extras/Scripts/ChatController.cs'
Asset path could not be found for script compilation file '/Assets/TextMesh Pro/Examples & Extras/Scripts/DropdownSample.cs'
Asset path could not be found for script compilation file '/Assets/TextMesh Pro/Examples & Extras/Scripts/EnvMapAnimator.cs'
Asset path could not be found for script compilation file '/Assets/TextMesh Pro/Examples & Extras/Scripts/ObjectSpin.cs'
Asset path could not be found for script compilation file '/Assets/TextMesh Pro/Examples & Extras/Scripts/ShaderPropAnimator.cs'
Asset path could not be found for script compilation file '/Assets/TextMesh Pro/Examples & Extras/Scripts/SimpleScript.cs'
Asset path could not be found for script compilation file '/Assets/TextMesh Pro/Examples & Extras/Scripts/SkewTextExample.cs'
Asset path could not be found for script compilation file '/Assets/TextMesh Pro/Examples & Extras/Scripts/TeleType.cs'
Asset path could not be found for script compilation file '/Assets/TextMesh Pro/Examples & Extras/Scripts/TextConsoleSimulator.cs'
Asset path could not be found for script compilation file '/Assets/TextMesh Pro/Examples & Extras/Scripts/TextMeshProFloatingText.cs'
Asset path could not be found for script compilation file '/Assets/TextMesh Pro/Examples & Extras/Scripts/TextMeshSpawner.cs'
Asset path could not be found for script compilation file '/Assets/TextMesh Pro/Examples & Extras/Scripts/TMPro_InstructionOverlay.cs'
Asset path could not be found for script compilation file '/Assets/TextMesh Pro/Examples & Extras/Scripts/TMP_DigitValidator.cs'
Asset path could not be found for script compilation file '/Assets/TextMesh Pro/Examples & Extras/Scripts/TMP_ExampleScript_01.cs'
Asset path could not be found for script compilation file '/Assets/TextMesh Pro/Examples & Extras/Scripts/TMP_FrameRateCounter.cs'
Asset path could not be found for script compilation file '/Assets/TextMesh Pro/Examples & Extras/Scripts/TMP_PhoneNumberValidator.cs'
Asset path could not be found for script compilation file '/Assets/TextMesh Pro/Examples & Extras/Scripts/TMP_TextEventCheck.cs'
Asset path could not be found for script compilation file '/Assets/TextMesh Pro/Examples & Extras/Scripts/TMP_TextEventHandler.cs'
Asset path could not be found for script compilation file '/Assets/TextMesh Pro/Examples & Extras/Scripts/TMP_TextInfoDebugTool.cs'
Asset path could not be found for script compilation file '/Assets/TextMesh Pro/Examples & Extras/Scripts/TMP_TextSelector_A.cs'
Asset path could not be found for script compilation file '/Assets/TextMesh Pro/Examples & Extras/Scripts/TMP_TextSelector_B.cs'
Asset path could not be found for script compilation file '/Assets/TextMesh Pro/Examples & Extras/Scripts/TMP_UiFrameRateCounter.cs'
Asset path could not be found for script compilation file '/Assets/TextMesh Pro/Examples & Extras/Scripts/VertexColorCycler.cs'
Asset path could not be found for script compilation file '/Assets/TextMesh Pro/Examples & Extras/Scripts/VertexJitter.cs'
Asset path could not be found for script compilation file '/Assets/TextMesh Pro/Examples & Extras/Scripts/VertexShakeA.cs'
Asset path could not be found for script compilation file '/Assets/TextMesh Pro/Examples & Extras/Scripts/VertexShakeB.cs'
Asset path could not be found for script compilation file '/Assets/TextMesh Pro/Examples & Extras/Scripts/VertexZoom.cs'
Asset path could not be found for script compilation file '/Assets/TextMesh Pro/Examples & Extras/Scripts/WarpTextExample.cs'
Asset path could not be found for script compilation file '/Assets/UnityTechnologies/ParticlePack/EffectExamples/Misc Effects/Scripts/SpawnEffect.cs'
Asset path could not be found for script compilation file '/Assets/UnityTechnologies/ParticlePack/Shared/Ramps/Runtime/RampAsset.cs'
Asset path could not be found for script compilation file '/Assets/UnityTechnologies/ParticlePack/Shared/Scripts/AdjustTimeScale.cs'
Asset path could not be found for script compilation file '/Assets/UnityTechnologies/ParticlePack/Shared/Scripts/ProximityActivate.cs'
Asset path could not be found for script compilation file '/Assets/UnityTechnologies/ParticlePack/Shared/Scripts/SimpleCharacterMotor.cs'
Asset path could not be found for script compilation file '/Assets/UnityTechnologies/ParticlePack/TutorialInfo/Scripts/Readme.cs'
- Loaded All Assemblies, in 27.357 seconds
Script 'CharacterController' has the same name as built-in Unity component.
AddComponent and GetComponent will not work with this script.
'Packages/com.meta.xr.sdk.core/Editor/BuildingBlocks/BlocksWindow.cs' contains partial class of Unity.Object, exactly 1 of the partial classes needs to be in a file with the same filename. This is to know the one that can be referenced from ie. GameObjects
'Packages/com.meta.xr.sdk.core/Editor/BuildingBlocks/BlocksWindowDetailsExtension.cs' contains partial class of Unity.Object, exactly 1 of the partial classes needs to be in a file with the same filename. This is to know the one that can be referenced from ie. GameObjects
'Packages/com.meta.xr.sdk.core/Editor/BuildingBlocks/BlocksWindowCollectionsPageExtension.cs' contains partial class of Unity.Object, exactly 1 of the partial classes needs to be in a file with the same filename. This is to know the one that can be referenced from ie. GameObjects
Refreshing native plugins compatible for Editor in 25.45 ms, found 27 plugins.
Native extension for Android target not found
Native extension for WindowsStandalone target not found
Native extension for WebGL target not found
Refreshing native plugins compatible for Editor in 21.14 ms, found 27 plugins.
Package Manager log level set to [2]
[Package Manager] Failed to launch server process. Reason: Unity was launched with the -noUpm command-line argument
[Package Manager] Unable to send message (not connected to server process).
[Package Manager] Cannot connect to Unity Package Manager local server
[Package Manager] Failed to launch server process. Reason: Unity was launched with the -noUpm command-line argument
[Package Manager] Unable to send message (not connected to server process).
[Package Manager] Cannot connect to Unity Package Manager local server
[MODES] ModeService[none].Initialize
[MODES] ModeService[none].LoadModes
[MODES] Loading mode Default (0) for mode-current-id-Lokta-Volterra Simulator
[Package Manager] Failed to launch server process. Reason: Unity was launched with the -noUpm command-line argument
[Package Manager] Unable to send message (not connected to server process).
[Package Manager] Cannot connect to Unity Package Manager local server
ScheduleIndexationOnStartup MainProcess:False IndexOnStartup:True
Mono: successfully reloaded assembly
[Package Manager] Failed to launch server process. Reason: Unity was launched with the -noUpm command-line argument
[Package Manager] Unable to send message (not connected to server process).
[Package Manager] Cannot connect to Unity Package Manager local server
[Package Manager] Failed to launch server process. Reason: Unity was launched with the -noUpm command-line argument
[Package Manager] Unable to send message (not connected to server process).
[Package Manager] Cannot connect to Unity Package Manager local server
- Finished resetting the current domain, in  5.088 seconds
Domain Reload Profiling: 32428ms
	BeginReloadAssembly (172ms)
		ExecutionOrderSort (0ms)
		DisableScriptedObjects (5ms)
		BackupInstance (0ms)
		ReleaseScriptingObjects (0ms)
		CreateAndSetChildDomain (53ms)
	RebuildCommonClasses (28ms)
	RebuildNativeTypeToScriptingClass (9ms)
	initialDomainReloadingComplete (58ms)
	LoadAllAssembliesAndSetupDomain (27072ms)
		LoadAssemblies (26511ms)
		RebuildTransferFunctionScriptingTraits (0ms)
		AnalyzeDomain (641ms)
			TypeCache.Refresh (425ms)
				TypeCache.ScanAssembly (389ms)
			BuildScriptInfoCaches (183ms)
			ResolveRequiredComponents (25ms)
	FinalizeReload (5088ms)
		ReleaseScriptCaches (0ms)
		RebuildScriptCaches (0ms)
		SetupLoadedEditorAssemblies (4826ms)
			LogAssemblyErrors (0ms)
			InitializePlatformSupportModulesInManaged (9ms)
			SetLoadedEditorAssemblies (5ms)
			BeforeProcessingInitializeOnLoad (224ms)
			ProcessInitializeOnLoadAttributes (4316ms)
			ProcessInitializeOnLoadMethodAttributes (264ms)
			AfterProcessingInitializeOnLoad (7ms)
			EditorAssembliesLoaded (1ms)
		ExecutionOrderSort2 (0ms)
		AwakeInstancesAfterBackupRestoration (6ms)
WARNING: Shader Unsupported: 'Simulation/Standard Lit' - All subshaders removed
WARNING: Shader Did you use #pragma only_renderers and omit this platform?
WARNING: Shader If subshaders removal was intentional, you may have forgotten turning Fallback off?
WARNING: Shader Unsupported: 'Simulation/Standard Lit' - All subshaders removed
WARNING: Shader Did you use #pragma only_renderers and omit this platform?
WARNING: Shader If subshaders removal was intentional, you may have forgotten turning Fallback off?
WARNING: Shader Unsupported: 'Simulation/URP/Room X-Ray' - All subshaders removed
WARNING: Shader Did you use #pragma only_renderers and omit this platform?
WARNING: Shader If subshaders removal was intentional, you may have forgotten turning Fallback off?
WARNING: Shader Unsupported: 'Simulation/URP/Room X-Ray' - All subshaders removed
WARNING: Shader Did you use #pragma only_renderers and omit this platform?
WARNING: Shader If subshaders removal was intentional, you may have forgotten turning Fallback off?
WARNING: Shader Unsupported: 'Hidden/Builtin_TerrainVisualization' - All subshaders removed
WARNING: Shader Did you use #pragma only_renderers and omit this platform?
WARNING: Shader If subshaders removal was intentional, you may have forgotten turning Fallback off?
WARNING: Shader Unsupported: 'Hidden/Builtin_TerrainVisualization' - All subshaders removed
WARNING: Shader Did you use #pragma only_renderers and omit this platform?
WARNING: Shader If subshaders removal was intentional, you may have forgotten turning Fallback off?
WARNING: Shader Unsupported: 'Simulation/URP/Lit' - All subshaders removed
WARNING: Shader Did you use #pragma only_renderers and omit this platform?
WARNING: Shader If subshaders removal was intentional, you may have forgotten turning Fallback off?
WARNING: Shader Unsupported: 'Simulation/URP/Lit' - All subshaders removed
WARNING: Shader Did you use #pragma only_renderers and omit this platform?
WARNING: Shader If subshaders removal was intentional, you may have forgotten turning Fallback off?
WARNING: Shader Unsupported: 'MicroSplat/Example' - All subshaders removed
WARNING: Shader Did you use #pragma only_renderers and omit this platform?
WARNING: Shader If subshaders removal was intentional, you may have forgotten turning Fallback off?
WARNING: Shader Unsupported: 'MicroSplat/Example' - All subshaders removed
WARNING: Shader Did you use #pragma only_renderers and omit this platform?
WARNING: Shader If subshaders removal was intentional, you may have forgotten turning Fallback off?
WARNING: Shader Unsupported: 'Hidden/Simulation/URP/Synthetic' - All subshaders removed
WARNING: Shader Did you use #pragma only_renderers and omit this platform?
WARNING: Shader If subshaders removal was intentional, you may have forgotten turning Fallback off?
WARNING: Shader Unsupported: 'Hidden/Simulation/URP/Synthetic' - All subshaders removed
WARNING: Shader Did you use #pragma only_renderers and omit this platform?
WARNING: Shader If subshaders removal was intentional, you may have forgotten turning Fallback off?
WARNING: Shader Unsupported: 'Hidden/Simulation/Synthetic Lit' - All subshaders removed
WARNING: Shader Did you use #pragma only_renderers and omit this platform?
WARNING: Shader If subshaders removal was intentional, you may have forgotten turning Fallback off?
WARNING: Shader Unsupported: 'Hidden/Simulation/Synthetic Lit' - All subshaders removed
WARNING: Shader Did you use #pragma only_renderers and omit this platform?
WARNING: Shader If subshaders removal was intentional, you may have forgotten turning Fallback off?
WARNING: Shader Unsupported: 'Simulation/Room X-Ray' - All subshaders removed
WARNING: Shader Did you use #pragma only_renderers and omit this platform?
WARNING: Shader If subshaders removal was intentional, you may have forgotten turning Fallback off?
WARNING: Shader Unsupported: 'Simulation/Room X-Ray' - All subshaders removed
WARNING: Shader Did you use #pragma only_renderers and omit this platform?
WARNING: Shader If subshaders removal was intentional, you may have forgotten turning Fallback off?
Shader 'Meta/MRUK/Scene/HighlightsAndShadows': fallback shader 'Off' not found
Shader 'Oculus/OVRMRCameraFrameLit': fallback shader 'Alpha-Diffuse' not found
Launched and connected shader compiler UnityShaderCompiler.exe after 0.01 seconds
Refreshing native plugins compatible for Editor in 18.14 ms, found 27 plugins.
Preloading 4 native plugins for Editor in 0.17 ms.
Unloading 52 Unused Serialized files (Serialized files now loaded: 0)
Unloading 13438 unused Assets / (19.0 MB). Loaded Objects now: 14472.
Memory consumption went from 259.7 MB to 240.6 MB.
Total: 28.221300 ms (FindLiveObjects: 1.350300 ms CreateObjectMapping: 1.303600 ms MarkObjects: 19.291900 ms  DeleteObjects: 6.274900 ms)

Editor requested this worker to shutdown with reason: Scaling down because of idle timeout
AssetImportWorker is now disconnected from the server
Process exiting
Exiting without the bug reporter. Application will terminate with return code 0